TN:
SF:src/components/counter.tsx
FN:9,Counter
FN:18,onClick
FN:29,onClick
FNF:3
FNH:1
FNDA:2,Counter
FNDA:0,onClick
FNDA:0,onClick
DA:1,1
DA:2,1
DA:3,1
DA:4,1
DA:5,1
DA:6,1
DA:7,1
DA:8,1
DA:9,1
DA:10,2
DA:11,2
DA:12,2
DA:13,2
DA:14,2
DA:15,2
DA:16,2
DA:17,2
DA:18,2
DA:19,0
DA:20,0
DA:21,0
DA:22,0
DA:23,0
DA:24,0
DA:25,0
DA:26,2
DA:27,2
DA:28,2
DA:29,2
DA:30,0
DA:31,0
DA:32,0
DA:33,0
DA:34,0
DA:35,0
DA:36,0
DA:37,2
DA:38,2
DA:39,2
DA:40,2
DA:41,2
DA:42,2
DA:43,2
DA:44,1
DA:45,1
LF:45
LH:31
BRDA:9,0,0,2
BRF:1
BRH:1
end_of_record
TN:
SF:src/components/selector.tsx
FN:9,Selector
FN:10,onChangeCount
FNF:2
FNH:1
FNDA:3,Selector
FNDA:0,onChangeCount
DA:1,1
DA:2,1
DA:3,1
DA:4,1
DA:5,1
DA:6,1
DA:7,1
DA:8,1
DA:9,1
DA:10,3
DA:11,0
DA:12,0
DA:13,3
DA:14,3
DA:15,3
DA:16,3
DA:17,3
DA:18,3
DA:19,3
DA:20,3
DA:21,3
DA:22,3
DA:23,3
DA:24,3
DA:25,3
DA:26,3
DA:27,3
DA:28,3
DA:29,3
DA:30,1
DA:31,1
LF:31
LH:29
BRDA:9,0,0,3
BRF:1
BRH:1
end_of_record
TN:
SF:src/store/hooks.ts
FN:4,useAppDispatch
FNF:1
FNH:1
FNDA:2,useAppDispatch
DA:1,1
DA:2,1
DA:3,1
DA:4,1
DA:5,1
LF:5
LH:5
BRDA:4,0,0,2
BRF:1
BRH:1
end_of_record
TN:
SF:src/store/reducer.ts
FN:15,increment
FN:18,decrement
FN:21,incrementByAmount
FN:24,decrementByAmount
FNF:4
FNH:4
FNDA:1,increment
FNDA:1,decrement
FNDA:1,incrementByAmount
FNDA:1,decrementByAmount
DA:1,1
DA:2,1
DA:3,1
DA:4,1
DA:5,1
DA:6,1
DA:7,1
DA:8,1
DA:9,1
DA:10,1
DA:11,1
DA:12,1
DA:13,1
DA:14,1
DA:15,1
DA:16,1
DA:17,1
DA:18,1
DA:19,1
DA:20,1
DA:21,1
DA:22,1
DA:23,1
DA:24,1
DA:25,1
DA:26,1
DA:27,1
DA:28,1
DA:29,1
DA:30,1
DA:31,1
DA:32,1
DA:33,1
DA:34,1
DA:35,1
LF:35
LH:35
BRDA:15,0,0,1
BRDA:18,1,0,1
BRDA:21,2,0,1
BRDA:24,3,0,1
BRF:4
BRH:4
end_of_record
